{"/Users/nouamaneraji/Dev/node-skeleton/src/account.routes.ts": {"path":"/Users/nouamaneraji/Dev/node-skeleton/src/account.routes.ts","statementMap":{"0":{"start":{"line":1,"column":0},"end":{"line":1,"column":33}},"1":{"start":{"line":2,"column":0},"end":{"line":2,"column":37}},"2":{"start":{"line":3,"column":0},"end":{"line":3,"column":61}},"3":{"start":{"line":5,"column":15},"end":{"line":5,"column":23}},"4":{"start":{"line":7,"column":0},"end":{"line":15,"column":3}},"5":{"start":{"line":8,"column":15},"end":{"line":8,"column":64}},"6":{"start":{"line":8,"column":33},"end":{"line":8,"column":63}},"7":{"start":{"line":9,"column":2},"end":{"line":9,"column":70}},"8":{"start":{"line":9,"column":13},"end":{"line":9,"column":70}},"9":{"start":{"line":11,"column":2},"end":{"line":11,"column":41}},"10":{"start":{"line":12,"column":2},"end":{"line":14,"column":5}},"11":{"start":{"line":17,"column":0},"end":{"line":17,"column":22}}},"fnMap":{"0":{"name":"(anonymous_0)","decl":{"start":{"line":7,"column":46},"end":{"line":7,"column":47}},"loc":{"start":{"line":7,"column":59},"end":{"line":15,"column":1}}},"1":{"name":"(anonymous_1)","decl":{"start":{"line":8,"column":26},"end":{"line":8,"column":27}},"loc":{"start":{"line":8,"column":33},"end":{"line":8,"column":63}}}},"branchMap":{"0":{"loc":{"start":{"line":9,"column":2},"end":{"line":9,"column":70}},"type":"if","locations":[{"start":{"line":9,"column":2},"end":{"line":9,"column":70}},{"start":{},"end":{}}]},"1":{"loc":{"start":{"line":11,"column":14},"end":{"line":11,"column":40}},"type":"binary-expr","locations":[{"start":{"line":11,"column":14},"end":{"line":11,"column":27}},{"start":{"line":11,"column":31},"end":{"line":11,"column":40}}]}},"s":{"0":3,"1":3,"2":3,"3":3,"4":3,"5":3,"6":2,"7":3,"8":1,"9":2,"10":2,"11":3},"f":{"0":3,"1":2},"b":{"0":[1,2],"1":[2,1]}}
,"/Users/nouamaneraji/Dev/node-skeleton/src/app.ts": {"path":"/Users/nouamaneraji/Dev/node-skeleton/src/app.ts","statementMap":{"0":{"start":{"line":1,"column":0},"end":{"line":1,"column":30}},"1":{"start":{"line":2,"column":0},"end":{"line":2,"column":41}},"2":{"start":{"line":3,"column":0},"end":{"line":3,"column":24}},"3":{"start":{"line":4,"column":0},"end":{"line":4,"column":53}},"4":{"start":{"line":5,"column":0},"end":{"line":5,"column":39}},"5":{"start":{"line":6,"column":0},"end":{"line":6,"column":45}},"6":{"start":{"line":8,"column":12},"end":{"line":8,"column":21}},"7":{"start":{"line":10,"column":0},"end":{"line":10,"column":24}},"8":{"start":{"line":11,"column":0},"end":{"line":11,"column":24}},"9":{"start":{"line":12,"column":0},"end":{"line":12,"column":62}},"10":{"start":{"line":14,"column":0},"end":{"line":14,"column":29}},"11":{"start":{"line":15,"column":0},"end":{"line":15,"column":35}},"12":{"start":{"line":17,"column":0},"end":{"line":17,"column":19}}},"fnMap":{},"branchMap":{},"s":{"0":3,"1":3,"2":3,"3":3,"4":3,"5":3,"6":3,"7":3,"8":3,"9":3,"10":3,"11":3,"12":3},"f":{},"b":{}}
,"/Users/nouamaneraji/Dev/node-skeleton/src/auth.middleware.ts": {"path":"/Users/nouamaneraji/Dev/node-skeleton/src/auth.middleware.ts","statementMap":{"0":{"start":{"line":14,"column":0},"end":{"line":14,"column":16}},"1":{"start":{"line":28,"column":0},"end":{"line":28,"column":16}},"2":{"start":{"line":2,"column":0},"end":{"line":2,"column":47}},"3":{"start":{"line":3,"column":0},"end":{"line":3,"column":48}},"4":{"start":{"line":4,"column":0},"end":{"line":4,"column":83}},"5":{"start":{"line":15,"column":16},"end":{"line":15,"column":48}},"6":{"start":{"line":16,"column":2},"end":{"line":19,"column":3}},"7":{"start":{"line":17,"column":4},"end":{"line":17,"column":57}},"8":{"start":{"line":18,"column":4},"end":{"line":18,"column":11}},"9":{"start":{"line":20,"column":2},"end":{"line":25,"column":3}},"10":{"start":{"line":21,"column":4},"end":{"line":21,"column":59}},"11":{"start":{"line":22,"column":4},"end":{"line":22,"column":11}},"12":{"start":{"line":24,"column":4},"end":{"line":24,"column":66}},"13":{"start":{"line":29,"column":22},"end":{"line":29,"column":46}},"14":{"start":{"line":30,"column":22},"end":{"line":30,"column":46}},"15":{"start":{"line":31,"column":2},"end":{"line":34,"column":3}},"16":{"start":{"line":32,"column":4},"end":{"line":32,"column":58}},"17":{"start":{"line":33,"column":4},"end":{"line":33,"column":11}},"18":{"start":{"line":35,"column":2},"end":{"line":35,"column":9}}},"fnMap":{"0":{"name":"requireAuth","decl":{"start":{"line":14,"column":16},"end":{"line":14,"column":27}},"loc":{"start":{"line":14,"column":75},"end":{"line":26,"column":1}}},"1":{"name":"requireCsrf","decl":{"start":{"line":28,"column":16},"end":{"line":28,"column":27}},"loc":{"start":{"line":28,"column":75},"end":{"line":36,"column":1}}}},"branchMap":{"0":{"loc":{"start":{"line":16,"column":2},"end":{"line":19,"column":3}},"type":"if","locations":[{"start":{"line":16,"column":2},"end":{"line":19,"column":3}},{"start":{},"end":{}}]},"1":{"loc":{"start":{"line":31,"column":2},"end":{"line":34,"column":3}},"type":"if","locations":[{"start":{"line":31,"column":2},"end":{"line":34,"column":3}},{"start":{},"end":{}}]},"2":{"loc":{"start":{"line":31,"column":6},"end":{"line":31,"column":65}},"type":"binary-expr","locations":[{"start":{"line":31,"column":6},"end":{"line":31,"column":18}},{"start":{"line":31,"column":22},"end":{"line":31,"column":34}},{"start":{"line":31,"column":38},"end":{"line":31,"column":65}}]}},"s":{"0":4,"1":4,"2":4,"3":4,"4":4,"5":15,"6":15,"7":5,"8":5,"9":10,"10":10,"11":9,"12":1,"13":10,"14":10,"15":10,"16":5,"17":5,"18":5},"f":{"0":15,"1":10},"b":{"0":[5,10],"1":[5,5],"2":[10,8,6]}}
,"/Users/nouamaneraji/Dev/node-skeleton/src/auth.routes.ts": {"path":"/Users/nouamaneraji/Dev/node-skeleton/src/auth.routes.ts","statementMap":{"0":{"start":{"line":1,"column":0},"end":{"line":1,"column":33}},"1":{"start":{"line":2,"column":0},"end":{"line":2,"column":30}},"2":{"start":{"line":3,"column":0},"end":{"line":3,"column":49}},"3":{"start":{"line":4,"column":0},"end":{"line":4,"column":68}},"4":{"start":{"line":5,"column":0},"end":{"line":5,"column":61}},"5":{"start":{"line":7,"column":15},"end":{"line":7,"column":23}},"6":{"start":{"line":9,"column":0},"end":{"line":28,"column":3}},"7":{"start":{"line":10,"column":36},"end":{"line":10,"column":44}},"8":{"start":{"line":12,"column":2},"end":{"line":14,"column":3}},"9":{"start":{"line":13,"column":4},"end":{"line":13,"column":78}},"10":{"start":{"line":15,"column":2},"end":{"line":17,"column":3}},"11":{"start":{"line":16,"column":4},"end":{"line":16,"column":85}},"12":{"start":{"line":18,"column":2},"end":{"line":20,"column":3}},"13":{"start":{"line":18,"column":22},"end":{"line":18,"column":53}},"14":{"start":{"line":19,"column":4},"end":{"line":19,"column":88}},"15":{"start":{"line":22,"column":23},"end":{"line":22,"column":54}},"16":{"start":{"line":23,"column":15},"end":{"line":23,"column":95}},"17":{"start":{"line":24,"column":2},"end":{"line":24,"column":19}},"18":{"start":{"line":26,"column":2},"end":{"line":26,"column":28}},"19":{"start":{"line":27,"column":2},"end":{"line":27,"column":93}},"20":{"start":{"line":30,"column":0},"end":{"line":45,"column":3}},"21":{"start":{"line":31,"column":30},"end":{"line":31,"column":38}},"22":{"start":{"line":33,"column":2},"end":{"line":35,"column":3}},"23":{"start":{"line":34,"column":4},"end":{"line":34,"column":78}},"24":{"start":{"line":37,"column":15},"end":{"line":37,"column":63}},"25":{"start":{"line":37,"column":31},"end":{"line":37,"column":62}},"26":{"start":{"line":38,"column":2},"end":{"line":38,"column":81}},"27":{"start":{"line":38,"column":13},"end":{"line":38,"column":81}},"28":{"start":{"line":40,"column":16},"end":{"line":40,"column":65}},"29":{"start":{"line":41,"column":2},"end":{"line":41,"column":82}},"30":{"start":{"line":41,"column":14},"end":{"line":41,"column":82}},"31":{"start":{"line":43,"column":2},"end":{"line":43,"column":28}},"32":{"start":{"line":44,"column":2},"end":{"line":44,"column":81}},"33":{"start":{"line":47,"column":0},"end":{"line":50,"column":3}},"34":{"start":{"line":48,"column":2},"end":{"line":48,"column":24}},"35":{"start":{"line":49,"column":2},"end":{"line":49,"column":30}},"36":{"start":{"line":52,"column":0},"end":{"line":56,"column":3}},"37":{"start":{"line":53,"column":15},"end":{"line":53,"column":62}},"38":{"start":{"line":53,"column":31},"end":{"line":53,"column":61}},"39":{"start":{"line":54,"column":2},"end":{"line":54,"column":70}},"40":{"start":{"line":54,"column":13},"end":{"line":54,"column":70}},"41":{"start":{"line":55,"column":2},"end":{"line":55,"column":81}},"42":{"start":{"line":58,"column":0},"end":{"line":58,"column":22}}},"fnMap":{"0":{"name":"(anonymous_1)","decl":{"start":{"line":9,"column":23},"end":{"line":9,"column":28}},"loc":{"start":{"line":9,"column":42},"end":{"line":28,"column":1}}},"1":{"name":"(anonymous_2)","decl":{"start":{"line":18,"column":17},"end":{"line":18,"column":18}},"loc":{"start":{"line":18,"column":22},"end":{"line":18,"column":53}}},"2":{"name":"(anonymous_3)","decl":{"start":{"line":30,"column":22},"end":{"line":30,"column":27}},"loc":{"start":{"line":30,"column":41},"end":{"line":45,"column":1}}},"3":{"name":"(anonymous_4)","decl":{"start":{"line":37,"column":26},"end":{"line":37,"column":27}},"loc":{"start":{"line":37,"column":31},"end":{"line":37,"column":62}}},"4":{"name":"(anonymous_5)","decl":{"start":{"line":47,"column":49},"end":{"line":47,"column":50}},"loc":{"start":{"line":47,"column":63},"end":{"line":50,"column":1}}},"5":{"name":"(anonymous_6)","decl":{"start":{"line":52,"column":31},"end":{"line":52,"column":32}},"loc":{"start":{"line":52,"column":44},"end":{"line":56,"column":1}}},"6":{"name":"(anonymous_7)","decl":{"start":{"line":53,"column":26},"end":{"line":53,"column":27}},"loc":{"start":{"line":53,"column":31},"end":{"line":53,"column":61}}}},"branchMap":{"0":{"loc":{"start":{"line":12,"column":2},"end":{"line":14,"column":3}},"type":"if","locations":[{"start":{"line":12,"column":2},"end":{"line":14,"column":3}},{"start":{},"end":{}}]},"1":{"loc":{"start":{"line":12,"column":6},"end":{"line":12,"column":25}},"type":"binary-expr","locations":[{"start":{"line":12,"column":6},"end":{"line":12,"column":12}},{"start":{"line":12,"column":16},"end":{"line":12,"column":25}}]},"2":{"loc":{"start":{"line":15,"column":2},"end":{"line":17,"column":3}},"type":"if","locations":[{"start":{"line":15,"column":2},"end":{"line":17,"column":3}},{"start":{},"end":{}}]},"3":{"loc":{"start":{"line":18,"column":2},"end":{"line":20,"column":3}},"type":"if","locations":[{"start":{"line":18,"column":2},"end":{"line":20,"column":3}},{"start":{},"end":{}}]},"4":{"loc":{"start":{"line":23,"column":83},"end":{"line":23,"column":93}},"type":"binary-expr","locations":[{"start":{"line":23,"column":83},"end":{"line":23,"column":87}},{"start":{"line":23,"column":91},"end":{"line":23,"column":93}}]},"5":{"loc":{"start":{"line":33,"column":2},"end":{"line":35,"column":3}},"type":"if","locations":[{"start":{"line":33,"column":2},"end":{"line":35,"column":3}},{"start":{},"end":{}}]},"6":{"loc":{"start":{"line":33,"column":6},"end":{"line":33,"column":25}},"type":"binary-expr","locations":[{"start":{"line":33,"column":6},"end":{"line":33,"column":12}},{"start":{"line":33,"column":16},"end":{"line":33,"column":25}}]},"7":{"loc":{"start":{"line":38,"column":2},"end":{"line":38,"column":81}},"type":"if","locations":[{"start":{"line":38,"column":2},"end":{"line":38,"column":81}},{"start":{},"end":{}}]},"8":{"loc":{"start":{"line":41,"column":2},"end":{"line":41,"column":82}},"type":"if","locations":[{"start":{"line":41,"column":2},"end":{"line":41,"column":82}},{"start":{},"end":{}}]},"9":{"loc":{"start":{"line":54,"column":2},"end":{"line":54,"column":70}},"type":"if","locations":[{"start":{"line":54,"column":2},"end":{"line":54,"column":70}},{"start":{},"end":{}}]}},"s":{"0":3,"1":3,"2":3,"3":3,"4":3,"5":3,"6":3,"7":29,"8":29,"9":3,"10":26,"11":1,"12":25,"13":2,"14":2,"15":23,"16":23,"17":23,"18":23,"19":23,"20":3,"21":8,"22":8,"23":3,"24":5,"25":5,"26":5,"27":1,"28":4,"29":4,"30":1,"31":3,"32":3,"33":3,"34":1,"35":1,"36":3,"37":2,"38":1,"39":2,"40":1,"41":1,"42":3},"f":{"0":29,"1":2,"2":8,"3":5,"4":1,"5":2,"6":1},"b":{"0":[3,26],"1":[29,27],"2":[1,25],"3":[2,23],"4":[23,9],"5":[3,5],"6":[8,6],"7":[1,4],"8":[1,3],"9":[1,1]}}
,"/Users/nouamaneraji/Dev/node-skeleton/src/auth.store.ts": {"path":"/Users/nouamaneraji/Dev/node-skeleton/src/auth.store.ts","statementMap":{"0":{"start":{"line":8,"column":13},"end":{"line":8,"column":32}},"1":{"start":{"line":10,"column":13},"end":{"line":10,"column":14}},"2":{"start":{"line":11,"column":26},"end":{"line":11,"column":48}},"3":{"start":{"line":11,"column":40},"end":{"line":11,"column":48}},"4":{"start":{"line":11,"column":13},"end":{"line":11,"column":26}}},"fnMap":{"0":{"name":"(anonymous_0)","decl":{"start":{"line":11,"column":26},"end":{"line":11,"column":37}},"loc":{"start":{"line":11,"column":40},"end":{"line":11,"column":48}}}},"branchMap":{},"s":{"0":6,"1":6,"2":6,"3":25,"4":6},"f":{"0":25},"b":{}}
,"/Users/nouamaneraji/Dev/node-skeleton/src/config.constants.ts": {"path":"/Users/nouamaneraji/Dev/node-skeleton/src/config.constants.ts","statementMap":{"0":{"start":{"line":1,"column":13},"end":{"line":1,"column":45}},"1":{"start":{"line":2,"column":13},"end":{"line":2,"column":59}},"2":{"start":{"line":3,"column":13},"end":{"line":3,"column":66}},"3":{"start":{"line":4,"column":13},"end":{"line":6,"column":22}},"4":{"start":{"line":6,"column":12},"end":{"line":6,"column":20}}},"fnMap":{"0":{"name":"(anonymous_0)","decl":{"start":{"line":6,"column":7},"end":{"line":6,"column":8}},"loc":{"start":{"line":6,"column":12},"end":{"line":6,"column":20}}}},"branchMap":{"0":{"loc":{"start":{"line":1,"column":20},"end":{"line":1,"column":44}},"type":"binary-expr","locations":[{"start":{"line":1,"column":20},"end":{"line":1,"column":36}},{"start":{"line":1,"column":40},"end":{"line":1,"column":44}}]},"1":{"loc":{"start":{"line":4,"column":32},"end":{"line":4,"column":62}},"type":"binary-expr","locations":[{"start":{"line":4,"column":32},"end":{"line":4,"column":56}},{"start":{"line":4,"column":60},"end":{"line":4,"column":62}}]}},"s":{"0":14,"1":14,"2":14,"3":14,"4":15},"f":{"0":15},"b":{"0":[14,1],"1":[14,13]}}
,"/Users/nouamaneraji/Dev/node-skeleton/src/cookie.constants.ts": {"path":"/Users/nouamaneraji/Dev/node-skeleton/src/cookie.constants.ts","statementMap":{"0":{"start":{"line":1,"column":13},"end":{"line":1,"column":50}},"1":{"start":{"line":2,"column":13},"end":{"line":2,"column":40}},"2":{"start":{"line":3,"column":13},"end":{"line":3,"column":42}}},"fnMap":{},"branchMap":{},"s":{"0":6,"1":6,"2":6},"f":{},"b":{}}
,"/Users/nouamaneraji/Dev/node-skeleton/src/cookie.helpers.ts": {"path":"/Users/nouamaneraji/Dev/node-skeleton/src/cookie.helpers.ts","statementMap":{"0":{"start":{"line":14,"column":0},"end":{"line":14,"column":16}},"1":{"start":{"line":37,"column":0},"end":{"line":37,"column":16}},"2":{"start":{"line":1,"column":0},"end":{"line":1,"column":28}},"3":{"start":{"line":2,"column":0},"end":{"line":2,"column":31}},"4":{"start":{"line":4,"column":0},"end":{"line":4,"column":63}},"5":{"start":{"line":5,"column":0},"end":{"line":5,"column":70}},"6":{"start":{"line":12,"column":23},"end":{"line":12,"column":46}},"7":{"start":{"line":15,"column":16},"end":{"line":18,"column":null}},"8":{"start":{"line":20,"column":20},"end":{"line":20,"column":58}},"9":{"start":{"line":22,"column":2},"end":{"line":27,"column":5}},"10":{"start":{"line":29,"column":2},"end":{"line":34,"column":5}},"11":{"start":{"line":38,"column":2},"end":{"line":38,"column":39}},"12":{"start":{"line":39,"column":2},"end":{"line":39,"column":31}}},"fnMap":{"0":{"name":"setAuthCookies","decl":{"start":{"line":14,"column":16},"end":{"line":14,"column":30}},"loc":{"start":{"line":14,"column":61},"end":{"line":35,"column":1}}},"1":{"name":"clearAuthCookies","decl":{"start":{"line":37,"column":16},"end":{"line":37,"column":32}},"loc":{"start":{"line":37,"column":46},"end":{"line":40,"column":1}}}},"branchMap":{},"s":{"0":4,"1":4,"2":4,"3":4,"4":4,"5":4,"6":4,"7":31,"8":31,"9":31,"10":31,"11":3,"12":3},"f":{"0":31,"1":3},"b":{}}
,"/Users/nouamaneraji/Dev/node-skeleton/src/server.ts": {"path":"/Users/nouamaneraji/Dev/node-skeleton/src/server.ts","statementMap":{"0":{"start":{"line":1,"column":0},"end":{"line":1,"column":23}},"1":{"start":{"line":2,"column":0},"end":{"line":2,"column":54}},"2":{"start":{"line":4,"column":0},"end":{"line":7,"column":1}},"3":{"start":{"line":5,"column":2},"end":{"line":5,"column":46}},"4":{"start":{"line":6,"column":2},"end":{"line":6,"column":18}},"5":{"start":{"line":9,"column":0},"end":{"line":9,"column":24}},"6":{"start":{"line":11,"column":0},"end":{"line":13,"column":3}},"7":{"start":{"line":12,"column":2},"end":{"line":12,"column":65}}},"fnMap":{"0":{"name":"(anonymous_1)","decl":{"start":{"line":11,"column":17},"end":{"line":11,"column":20}},"loc":{"start":{"line":11,"column":22},"end":{"line":13,"column":1}}}},"branchMap":{"0":{"loc":{"start":{"line":4,"column":0},"end":{"line":7,"column":1}},"type":"if","locations":[{"start":{"line":4,"column":0},"end":{"line":7,"column":1}},{"start":{},"end":{}}]}},"s":{"0":2,"1":2,"2":2,"3":1,"4":1,"5":2,"6":2,"7":2},"f":{"0":2},"b":{"0":[1,1]}}
}
