TN:
SF:src/account.routes.ts
FN:7,(anonymous_0)
FN:8,(anonymous_1)
FNF:2
FNH:2
FNDA:3,(anonymous_0)
FNDA:2,(anonymous_1)
DA:1,3
DA:2,3
DA:3,3
DA:5,3
DA:7,3
DA:8,3
DA:9,3
DA:11,2
DA:12,2
DA:17,3
LF:10
LH:10
BRDA:9,0,0,1
BRDA:9,0,1,2
BRDA:11,1,0,2
BRDA:11,1,1,1
BRF:4
BRH:4
end_of_record
TN:
SF:src/app.ts
FNF:0
FNH:0
DA:1,3
DA:2,3
DA:3,3
DA:4,3
DA:5,3
DA:6,3
DA:8,3
DA:10,3
DA:11,3
DA:12,3
DA:14,3
DA:15,3
DA:17,3
LF:13
LH:13
BRF:0
BRH:0
end_of_record
TN:
SF:src/auth.middleware.ts
FN:14,requireAuth
FN:28,requireCsrf
FNF:2
FNH:2
FNDA:15,requireAuth
FNDA:10,requireCsrf
DA:2,4
DA:3,4
DA:4,4
DA:14,4
DA:15,15
DA:16,15
DA:17,5
DA:18,5
DA:20,10
DA:21,10
DA:22,9
DA:24,1
DA:28,4
DA:29,10
DA:30,10
DA:31,10
DA:32,5
DA:33,5
DA:35,5
LF:19
LH:19
BRDA:16,0,0,5
BRDA:16,0,1,10
BRDA:31,1,0,5
BRDA:31,1,1,5
BRDA:31,2,0,10
BRDA:31,2,1,8
BRDA:31,2,2,6
BRF:7
BRH:7
end_of_record
TN:
SF:src/auth.routes.ts
FN:9,(anonymous_1)
FN:18,(anonymous_2)
FN:30,(anonymous_3)
FN:37,(anonymous_4)
FN:47,(anonymous_5)
FN:52,(anonymous_6)
FN:53,(anonymous_7)
FNF:7
FNH:7
FNDA:29,(anonymous_1)
FNDA:2,(anonymous_2)
FNDA:8,(anonymous_3)
FNDA:5,(anonymous_4)
FNDA:1,(anonymous_5)
FNDA:2,(anonymous_6)
FNDA:1,(anonymous_7)
DA:1,3
DA:2,3
DA:3,3
DA:4,3
DA:5,3
DA:7,3
DA:9,3
DA:10,29
DA:12,29
DA:13,3
DA:15,26
DA:16,1
DA:18,25
DA:19,2
DA:22,23
DA:23,23
DA:24,23
DA:26,23
DA:27,23
DA:30,3
DA:31,8
DA:33,8
DA:34,3
DA:37,5
DA:38,5
DA:40,4
DA:41,4
DA:43,3
DA:44,3
DA:47,3
DA:48,1
DA:49,1
DA:52,3
DA:53,2
DA:54,2
DA:55,1
DA:58,3
LF:37
LH:37
BRDA:12,0,0,3
BRDA:12,0,1,26
BRDA:12,1,0,29
BRDA:12,1,1,27
BRDA:15,2,0,1
BRDA:15,2,1,25
BRDA:18,3,0,2
BRDA:18,3,1,23
BRDA:23,4,0,23
BRDA:23,4,1,9
BRDA:33,5,0,3
BRDA:33,5,1,5
BRDA:33,6,0,8
BRDA:33,6,1,6
BRDA:38,7,0,1
BRDA:38,7,1,4
BRDA:41,8,0,1
BRDA:41,8,1,3
BRDA:54,9,0,1
BRDA:54,9,1,1
BRF:20
BRH:20
end_of_record
TN:
SF:src/auth.store.ts
FN:11,(anonymous_0)
FNF:1
FNH:1
FNDA:25,(anonymous_0)
DA:8,6
DA:10,6
DA:11,25
LF:3
LH:3
BRF:0
BRH:0
end_of_record
TN:
SF:src/config.constants.ts
FN:6,(anonymous_0)
FNF:1
FNH:1
FNDA:15,(anonymous_0)
DA:1,14
DA:2,14
DA:3,14
DA:4,14
DA:6,15
LF:5
LH:5
BRDA:1,0,0,14
BRDA:1,0,1,1
BRDA:4,1,0,14
BRDA:4,1,1,13
BRF:4
BRH:4
end_of_record
TN:
SF:src/cookie.constants.ts
FNF:0
FNH:0
DA:1,6
DA:2,6
DA:3,6
LF:3
LH:3
BRF:0
BRH:0
end_of_record
TN:
SF:src/cookie.helpers.ts
FN:14,setAuthCookies
FN:37,clearAuthCookies
FNF:2
FNH:2
FNDA:31,setAuthCookies
FNDA:3,clearAuthCookies
DA:1,4
DA:2,4
DA:4,4
DA:5,4
DA:12,4
DA:14,4
DA:15,31
DA:20,31
DA:22,31
DA:29,31
DA:37,4
DA:38,3
DA:39,3
LF:13
LH:13
BRF:0
BRH:0
end_of_record
TN:
SF:src/server.ts
FN:11,(anonymous_1)
FNF:1
FNH:1
FNDA:2,(anonymous_1)
DA:1,2
DA:2,2
DA:4,2
DA:5,1
DA:6,1
DA:9,2
DA:11,2
DA:12,2
LF:8
LH:8
BRDA:4,0,0,1
BRDA:4,0,1,1
BRF:2
BRH:2
end_of_record
